<?xml version="1.0" encoding="UTF-8"?>
<!-- Generated by org.testng.reporters.JUnitXMLReporter -->
<testsuite ignored="1" hostname="DESKTOP-7S7LCUO" failures="0" tests="1" name="Surefire test" time="21.595" errors="0" timestamp="2024-07-15T12:14:43 IST">
  <testcase classname="com.nopcommerece.qa.tests.ProductTest" name="addNewData" time="10.326"/>
  <testcase classname="com.nopcommerece.qa.tests.ProductTest" name="testSerachFunct" time="0.0">
    <ignored/>
  </testcase> <!-- testSerachFunct -->
</testsuite> <!-- Surefire test -->
