<?xml version="1.0" encoding="UTF-8"?>
<!-- Generated by org.testng.reporters.JUnitXMLReporter -->
<testsuite ignored="1" hostname="DESKTOP-7S7LCUO" failures="0" tests="1" name="Default test" time="24.6" errors="0" timestamp="2024-07-15T12:03:27 IST">
  <testcase classname="com.nopcommerece.qa.tests.ProductTest" name="addNewData" time="10.346"/>
  <testcase classname="com.nopcommerece.qa.tests.ProductTest" name="testSerachFunct" time="0.0">
    <ignored/>
  </testcase> <!-- testSerachFunct -->
</testsuite> <!-- Default test -->
