<?xml version="1.0" encoding="UTF-8"?>
<!-- Generated by org.testng.reporters.JUnitXMLReporter -->
<testsuite ignored="0" hostname="DESKTOP-7S7LCUO" failures="2" tests="3" name="Test" time="15.938" errors="0" timestamp="2024-07-17T12:25:05 IST">
  <testcase classname="com.nopcommerece.qa.tests.FiledTestCases" name="test1" time="5.322"/>
  <testcase classname="com.nopcommerece.qa.tests.FiledTestCases" name="test2" time="2.943">
    <failure type="java.lang.AssertionError">
      <![CDATA[java.lang.AssertionError
at org.junit.Assert.fail(Assert.java:87)
at org.junit.Assert.assertTrue(Assert.java:42)
at org.junit.Assert.assertTrue(Assert.java:53)
at com.nopcommerece.qa.tests.FiledTestCases.test2(FiledTestCases.java:26)
at java.base/java.util.ArrayList.forEach(ArrayList.java:1511)
... Removed 27 stack frames]]>
    </failure>
  </testcase> <!-- test2 -->
  <testcase classname="com.nopcommerece.qa.tests.FiledTestCases" name="test3" time="1.418">
    <failure type="java.lang.AssertionError">
      <![CDATA[java.lang.AssertionError
at org.junit.Assert.fail(Assert.java:87)
at org.junit.Assert.assertTrue(Assert.java:42)
at org.junit.Assert.assertTrue(Assert.java:53)
at com.nopcommerece.qa.tests.FiledTestCases.test3(FiledTestCases.java:37)
at java.base/java.util.ArrayList.forEach(ArrayList.java:1511)
... Removed 27 stack frames]]>
    </failure>
  </testcase> <!-- test3 -->
</testsuite> <!-- Test -->
