<?xml version="1.0" encoding="UTF-8"?>
<!-- Generated by org.testng.reporters.JUnitXMLReporter -->
<testsuite ignored="1" hostname="DESKTOP-7S7LCUO" failures="0" tests="2" name="Test" time="30.929" errors="0" timestamp="2024-07-15T12:09:22 IST">
  <testcase classname="com.nopcommerece.qa.tests.ProductTest" name="addNewData" time="9.419"/>
  <testcase classname="com.nopcommerece.qa.tests.Categories" name="test1" time="0.009"/>
  <testcase classname="com.nopcommerece.qa.tests.ProductTest" name="testSerachFunct" time="0.0">
    <ignored/>
  </testcase> <!-- testSerachFunct -->
</testsuite> <!-- Test -->
