<?xml version="1.0" encoding="UTF-8"?>
<!-- Generated by org.testng.reporters.JUnitXMLReporter -->
<testsuite ignored="0" hostname="DESKTOP-7S7LCUO" failures="0" tests="6" name="Test" time="0.684" errors="0" timestamp="2024-07-22T12:14:00 IST">
  <testcase classname="runTestCases.ClassA" name="test1" time="0.144"/>
  <testcase classname="runTestCases.ClassA" name="test2" time="0.006"/>
  <testcase classname="runTestCases.ClassA" name="test3" time="0.006"/>
  <testcase classname="runTestCases.ClassB" name="test1" time="0.006"/>
  <testcase classname="runTestCases.ClassB" name="test2" time="0.004"/>
  <testcase classname="runTestCases.ClassB" name="test3" time="0.003"/>
</testsuite> <!-- Test -->
