<?xml version="1.0" encoding="UTF-8"?>
<testng-results ignored="0" total="6" passed="6" failed="0" skipped="0">
  <reporter-output>
  </reporter-output>
  <suite started-at="2024-07-22T12:13:59 IST" name="Suite" finished-at="2024-07-22T12:14:00 IST" duration-ms="684">
    <groups>
    </groups>
    <test started-at="2024-07-22T12:13:59 IST" name="Test" finished-at="2024-07-22T12:14:00 IST" duration-ms="684">
      <class name="runTestCases.ClassA">
        <test-method signature="test1()[pri:0, instance:runTestCases.ClassA@7b66322e]" started-at="2024-07-22T12:14:00 IST" name="test1" finished-at="2024-07-22T12:14:00 IST" duration-ms="144" status="PASS">
          <reporter-output>
          </reporter-output>
        </test-method> <!-- test1 -->
        <test-method signature="test2()[pri:0, instance:runTestCases.ClassA@7b66322e]" started-at="2024-07-22T12:14:00 IST" name="test2" finished-at="2024-07-22T12:14:00 IST" duration-ms="6" status="PASS">
          <reporter-output>
          </reporter-output>
        </test-method> <!-- test2 -->
        <test-method signature="test3()[pri:0, instance:runTestCases.ClassA@7b66322e]" started-at="2024-07-22T12:14:00 IST" name="test3" finished-at="2024-07-22T12:14:00 IST" duration-ms="6" status="PASS">
          <reporter-output>
          </reporter-output>
        </test-method> <!-- test3 -->
      </class> <!-- runTestCases.ClassA -->
      <class name="runTestCases.ClassB">
        <test-method signature="test1()[pri:0, instance:runTestCases.ClassB@65e0b505]" started-at="2024-07-22T12:14:00 IST" name="test1" finished-at="2024-07-22T12:14:00 IST" duration-ms="6" status="PASS">
          <reporter-output>
          </reporter-output>
        </test-method> <!-- test1 -->
        <test-method signature="test2()[pri:0, instance:runTestCases.ClassB@65e0b505]" started-at="2024-07-22T12:14:00 IST" name="test2" finished-at="2024-07-22T12:14:00 IST" duration-ms="4" status="PASS">
          <reporter-output>
          </reporter-output>
        </test-method> <!-- test2 -->
        <test-method signature="test3()[pri:0, instance:runTestCases.ClassB@65e0b505]" started-at="2024-07-22T12:14:00 IST" name="test3" finished-at="2024-07-22T12:14:00 IST" duration-ms="3" status="PASS">
          <reporter-output>
          </reporter-output>
        </test-method> <!-- test3 -->
      </class> <!-- runTestCases.ClassB -->
    </test> <!-- Test -->
  </suite> <!-- Suite -->
</testng-results>
