<?xml version="1.0" encoding="UTF-8"?>
<!-- Generated by org.testng.reporters.JUnitXMLReporter -->
<testsuite ignored="3" hostname="DESKTOP-7S7LCUO" failures="0" tests="2" name="Test" time="14.661" errors="0" timestamp="2024-07-22T12:06:14 IST">
  <testcase classname="com.nopcommerece.qa.tests.ProductTest" name="addNewData" time="0.0">
    <skipped/>
  </testcase> <!-- addNewData -->
  <testcase classname="com.nopcommerece.qa.tests.Categories" name="test2" time="0.0">
    <skipped/>
  </testcase> <!-- test2 -->
  <testcase classname="com.nopcommerece.qa.tests.Categories" name="test1" time="0.0">
    <ignored/>
  </testcase> <!-- test1 -->
  <testcase classname="com.nopcommerece.qa.tests.Categories" name="test3" time="0.0">
    <ignored/>
  </testcase> <!-- test3 -->
  <testcase classname="com.nopcommerece.qa.tests.ProductTest" name="testSerachFunct" time="0.0">
    <ignored/>
  </testcase> <!-- testSerachFunct -->
</testsuite> <!-- Test -->
