<?xml version="1.0" encoding="UTF-8"?>
<testng-results ignored="0" total="1" passed="1" failed="0" skipped="0">
  <reporter-output>
  </reporter-output>
  <suite started-at="2024-07-16T12:29:37 IST" name="Suite" finished-at="2024-07-16T12:29:37 IST" duration-ms="126">
    <groups>
    </groups>
    <test started-at="2024-07-16T12:29:37 IST" name="Test" finished-at="2024-07-16T12:29:37 IST" duration-ms="126">
      <class name="com.nopcommerece.qa.tests.Params">
        <test-method signature="test1(java.lang.String)[pri:0, instance:com.nopcommerece.qa.tests.Params@3b96c42e]" started-at="2024-07-16T12:29:37 IST" name="test1" finished-at="2024-07-16T12:29:37 IST" duration-ms="13" status="PASS">
          <params>
            <param index="0">
              <value>
                <![CDATA[brave]]>
              </value>
            </param>
          </params>
          <reporter-output>
          </reporter-output>
        </test-method> <!-- test1 -->
      </class> <!-- com.nopcommerece.qa.tests.Params -->
    </test> <!-- Test -->
  </suite> <!-- Suite -->
</testng-results>
